  [1m[35m (67.8ms)[0m  [1m[35mCREATE TABLE "schema_migrations" ("version" character varying PRIMARY KEY)[0m
  [1m[35m (4.7ms)[0m  [1m[35mCREATE TABLE "ar_internal_metadata" ("key" character varying PRIMARY KEY, "value" character varying, "created_at" timestamp NOT NULL, "updated_at" timestamp NOT NULL)[0m
  [1m[35m (0.9ms)[0m  [1m[34mSELECT pg_try_advisory_lock(5294031158179376865);[0m
  [1m[36mActiveRecord::SchemaMigration Load (0.6ms)[0m  [1m[34mSELECT "schema_migrations".* FROM "schema_migrations"[0m
Migrating to CreateUsers (20160907065927)
  [1m[35m (0.2ms)[0m  [1m[35mBEGIN[0m
  [1m[35m (6.7ms)[0m  [1m[35mCREATE TABLE "users" ("id" serial primary key, "name" character varying, "email" character varying, "password_digest" character varying, "created_at" timestamp NOT NULL, "updated_at" timestamp NOT NULL)[0m
  [1m[35mSQL (0.8ms)[0m  [1m[32mINSERT INTO "schema_migrations" ("version") VALUES ($1) RETURNING "version"[0m  [["version", "20160907065927"]]
  [1m[35m (1.0ms)[0m  [1m[35mCOMMIT[0m
  [1m[36mActiveRecord::InternalMetadata Load (0.5ms)[0m  [1m[34mSELECT  "ar_internal_metadata".* FROM "ar_internal_metadata" WHERE "ar_internal_metadata"."key" = $1 LIMIT $2[0m  [["key", :environment], ["LIMIT", 1]]
  [1m[35m (0.2ms)[0m  [1m[35mBEGIN[0m
  [1m[35mSQL (0.5ms)[0m  [1m[32mINSERT INTO "ar_internal_metadata" ("key", "value", "created_at", "updated_at") VALUES ($1, $2, $3, $4) RETURNING "key"[0m  [["key", "environment"], ["value", "development"], ["created_at", 2016-09-07 06:59:37 UTC], ["updated_at", 2016-09-07 06:59:37 UTC]]
  [1m[35m (0.7ms)[0m  [1m[35mCOMMIT[0m
  [1m[35m (0.3ms)[0m  [1m[34mSELECT pg_advisory_unlock(5294031158179376865)[0m
  [1m[36mActiveRecord::SchemaMigration Load (0.2ms)[0m  [1m[34mSELECT "schema_migrations".* FROM "schema_migrations"[0m
  [1m[35m (4.8ms)[0m  [1m[34mSELECT t2.oid::regclass::text AS to_table, a1.attname AS column, a2.attname AS primary_key, c.conname AS name, c.confupdtype AS on_update, c.confdeltype AS on_delete
FROM pg_constraint c
JOIN pg_class t1 ON c.conrelid = t1.oid
JOIN pg_class t2 ON c.confrelid = t2.oid
JOIN pg_attribute a1 ON a1.attnum = c.conkey[1] AND a1.attrelid = t1.oid
JOIN pg_attribute a2 ON a2.attnum = c.confkey[1] AND a2.attrelid = t2.oid
JOIN pg_namespace t3 ON c.connamespace = t3.oid
WHERE c.contype = 'f'
  AND t1.relname = 'users'
  AND t3.nspname = ANY (current_schemas(false))
ORDER BY c.conname
[0m
  [1m[35m (0.2ms)[0m  [1m[35mBEGIN[0m
  [1m[36mUser Exists (87.0ms)[0m  [1m[34mSELECT  1 AS one FROM "users" WHERE LOWER("users"."email") = LOWER($1) LIMIT $2[0m  [["email", "test@test.com"], ["LIMIT", 1]]
  [1m[35mSQL (19.9ms)[0m  [1m[32mINSERT INTO "users" ("name", "email", "password_digest", "created_at", "updated_at") VALUES ($1, $2, $3, $4, $5) RETURNING "id"[0m  [["name", "test"], ["email", "test@test.com"], ["password_digest", "$2a$10$qnnn8NNQcVKboSvJ31uMPe/h0jQP6gP74PK9ephxfCfn7e7JIYXF2"], ["created_at", 2016-09-07 07:04:35 UTC], ["updated_at", 2016-09-07 07:04:35 UTC]]
  [1m[35m (9.6ms)[0m  [1m[35mCOMMIT[0m
  [1m[36mUser Load (36.4ms)[0m  [1m[34mSELECT "users".* FROM "users"[0m
Started GET "/" for ::1 at 2016-09-07 00:20:06 -0700
  [1m[36mActiveRecord::SchemaMigration Load (20.0ms)[0m  [1m[34mSELECT "schema_migrations".* FROM "schema_migrations"[0m
Processing by Rails::WelcomeController#index as HTML
  Parameters: {"internal"=>true}
  Rendering /Users/jacksonduhon/.rbenv/versions/2.2.2/lib/ruby/gems/2.2.0/gems/railties-5.0.0.1/lib/rails/templates/rails/welcome/index.html.erb
  Rendered /Users/jacksonduhon/.rbenv/versions/2.2.2/lib/ruby/gems/2.2.0/gems/railties-5.0.0.1/lib/rails/templates/rails/welcome/index.html.erb (5.8ms)
Completed 200 OK in 101ms (Views: 30.5ms | ActiveRecord: 0.0ms)


Started GET "/" for ::1 at 2016-09-07 00:25:58 -0700
  [1m[36mActiveRecord::SchemaMigration Load (0.6ms)[0m  [1m[34mSELECT "schema_migrations".* FROM "schema_migrations"[0m
Processing by HomeController#index as HTML
  Rendering home/index.html.erb within layouts/application
  Rendered home/index.html.erb within layouts/application (2.0ms)
Completed 200 OK in 2613ms (Views: 2600.1ms | ActiveRecord: 0.0ms)


Started GET "/" for ::1 at 2016-09-07 00:26:04 -0700
Processing by HomeController#index as HTML
  Rendering home/index.html.erb within layouts/application
  Rendered home/index.html.erb within layouts/application (0.5ms)
Completed 200 OK in 46ms (Views: 43.6ms | ActiveRecord: 0.0ms)


Started GET "/login" for ::1 at 2016-09-07 00:26:12 -0700
Processing by SessionsController#new as HTML
  Rendering sessions/new.html.erb within layouts/application
  Rendered sessions/new.html.erb within layouts/application (94.1ms)
Completed 200 OK in 154ms (Views: 117.4ms | ActiveRecord: 0.0ms)


Started GET "/" for ::1 at 2016-09-07 00:28:23 -0700
Processing by HomeController#index as HTML
  Rendering home/index.html.erb within layouts/application
  Rendered home/index.html.erb within layouts/application (0.4ms)
Completed 200 OK in 242ms (Views: 239.9ms | ActiveRecord: 0.0ms)


Started GET "/" for ::1 at 2016-09-07 00:33:44 -0700
Processing by HomeController#index as HTML
  Rendering home/index.html.erb within layouts/application
  Rendered home/index.html.erb within layouts/application (0.4ms)
  Rendered partials/_flash.html.erb (0.5ms)
Completed 200 OK in 203ms (Views: 190.9ms | ActiveRecord: 0.0ms)


Started GET "/login" for ::1 at 2016-09-07 00:33:47 -0700
Processing by SessionsController#new as HTML
  Rendering sessions/new.html.erb within layouts/application
  Rendered sessions/new.html.erb within layouts/application (28.8ms)
  Rendered partials/_flash.html.erb (0.6ms)
Completed 200 OK in 80ms (Views: 59.3ms | ActiveRecord: 0.0ms)


Started POST "/login" for ::1 at 2016-09-07 00:34:01 -0700
Processing by SessionsController#create as HTML
  Parameters: {"utf8"=>"✓", "authenticity_token"=>"YXZC1uKegUGuJvMkwgjpUdhLcOg80DGXQhYD8frWtSzvz0rTuLeC++A8GZNumJxJfboFW8QQmFhvD6ZOiotu/g==", "user"=>{"email"=>"test@test.com", "password"=>"[FILTERED]"}, "commit"=>"Login"}
  [1m[36mUser Load (59.2ms)[0m  [1m[34mSELECT  "users".* FROM "users" WHERE "users"."email" = $1 LIMIT $2[0m  [["email", "test@test.com"], ["LIMIT", 1]]
Redirected to http://localhost:3000/
Completed 302 Found in 823ms (ActiveRecord: 278.3ms)


Started GET "/" for ::1 at 2016-09-07 00:34:02 -0700
Processing by HomeController#index as HTML
  Rendering home/index.html.erb within layouts/application
  Rendered home/index.html.erb within layouts/application (0.4ms)
  Rendered partials/_flash.html.erb (0.6ms)
Completed 200 OK in 35ms (Views: 32.3ms | ActiveRecord: 0.0ms)


Started GET "/logout" for ::1 at 2016-09-07 00:34:13 -0700
Processing by SessionsController#destroy as HTML
Redirected to http://localhost:3000/
Completed 302 Found in 1ms (ActiveRecord: 0.0ms)


Started GET "/" for ::1 at 2016-09-07 00:34:13 -0700
Processing by HomeController#index as HTML
  Rendering home/index.html.erb within layouts/application
  Rendered home/index.html.erb within layouts/application (0.4ms)
  Rendered partials/_flash.html.erb (1.1ms)
Completed 200 OK in 36ms (Views: 33.5ms | ActiveRecord: 0.0ms)


Started GET "/" for ::1 at 2016-09-07 09:46:40 -0700
  [1m[36mActiveRecord::SchemaMigration Load (19.3ms)[0m  [1m[34mSELECT "schema_migrations".* FROM "schema_migrations"[0m
Processing by HomeController#index as HTML
  Rendering home/index.html.erb within layouts/application
  Rendered home/index.html.erb within layouts/application (2.4ms)
  Rendered partials/_flash.html.erb (0.7ms)
Completed 200 OK in 991ms (Views: 867.6ms | ActiveRecord: 0.0ms)


Started GET "/login" for ::1 at 2016-09-07 09:56:32 -0700
Processing by SessionsController#new as HTML
  Rendering sessions/new.html.erb within layouts/application
  Rendered sessions/new.html.erb within layouts/application (69.0ms)
  Rendered partials/_flash.html.erb (0.7ms)
Completed 200 OK in 318ms (Views: 282.8ms | ActiveRecord: 0.0ms)


Started POST "/login" for ::1 at 2016-09-07 09:56:51 -0700
Processing by SessionsController#create as HTML
  Parameters: {"utf8"=>"✓", "authenticity_token"=>"HMjn5MR6iYOTHazMOYLiFx0aH7cMyUX2QSXYKi0A30aSce/hnlOKOd0HRnuVEpcPuOtqBPQJ7DlsPH2VXV0ElA==", "user"=>{"email"=>"test@test.com", "password"=>"[FILTERED]"}, "commit"=>"Login"}
  [1m[36mUser Load (82.4ms)[0m  [1m[34mSELECT  "users".* FROM "users" WHERE "users"."email" = $1 LIMIT $2[0m  [["email", "test@test.com"], ["LIMIT", 1]]
Redirected to http://localhost:3000/
Completed 302 Found in 507ms (ActiveRecord: 188.9ms)


Started GET "/" for ::1 at 2016-09-07 09:56:52 -0700
Processing by HomeController#index as HTML
  Rendering home/index.html.erb within layouts/application
  Rendered home/index.html.erb within layouts/application (0.4ms)
  Rendered partials/_flash.html.erb (0.5ms)
Completed 200 OK in 44ms (Views: 25.9ms | ActiveRecord: 0.0ms)


Started GET "/logout" for ::1 at 2016-09-07 09:56:55 -0700
Processing by SessionsController#destroy as HTML
Redirected to http://localhost:3000/
Completed 302 Found in 1ms (ActiveRecord: 0.0ms)


Started GET "/" for ::1 at 2016-09-07 09:56:55 -0700
Processing by HomeController#index as HTML
  Rendering home/index.html.erb within layouts/application
  Rendered home/index.html.erb within layouts/application (0.4ms)
  Rendered partials/_flash.html.erb (0.4ms)
Completed 200 OK in 23ms (Views: 20.9ms | ActiveRecord: 0.0ms)


